Started by user [8mha:////4EMEw7H+4D0joF1q0Xu1okWhre16tJD3b7bFlP1oKjcPAAAAlx+LCAAAAAAAAP9b85aBtbiIQTGjNKU4P08vOT+vOD8nVc83PyU1x6OyILUoJzMv2y+/JJUBAhiZGBgqihhk0NSjKDWzXb3RdlLBUSYGJk8GtpzUvPSSDB8G5tKinBIGIZ+sxLJE/ZzEvHT94JKizLx0a6BxUmjGOUNodHsLgAzWEgZu/dLi1CL9xJTczDwAj6GcLcAAAAA=[0madmin
[Mon May 12 11:25:45 UTC 2025] Starting branch indexing...
 > git --version # timeout=10
 > git --version # 'git version 2.39.5'
using GIT_ASKPASS to set credentials 
 > git ls-remote --symref -- https://github.com/miguelsoares77/theBasic-infra.git # timeout=10
Creating git repository in /var/jenkins_home/caches/git-3d7a82486d74ff2ee2ff3924039cf060
 > git init /var/jenkins_home/caches/git-3d7a82486d74ff2ee2ff3924039cf060 # timeout=10
Setting origin to https://github.com/miguelsoares77/theBasic-infra.git
 > git config remote.origin.url https://github.com/miguelsoares77/theBasic-infra.git # timeout=10
ERROR: [Mon May 12 11:25:46 UTC 2025] Could not fetch branches from source 5c96c852-1852-41f7-9902-739a738f90b5
[Mon May 12 11:25:46 UTC 2025] Finished branch indexing. Indexing took 1 sec
FATAL: Failed to recompute children of theBasic » theBasic-infra
hudson.plugins.git.GitException: Command "git config remote.origin.url https://github.com/miguelsoares77/theBasic-infra.git" returned status code 128:
stdout: 
stderr: fatal: not in a git directory

	at PluginClassLoader for git-client//org.jenkinsci.plugins.gitclient.CliGitAPIImpl.launchCommandIn(CliGitAPIImpl.java:2852)
	at PluginClassLoader for git-client//org.jenkinsci.plugins.gitclient.CliGitAPIImpl.launchCommandIn(CliGitAPIImpl.java:2772)
	at PluginClassLoader for git-client//org.jenkinsci.plugins.gitclient.CliGitAPIImpl.launchCommandIn(CliGitAPIImpl.java:2767)
	at PluginClassLoader for git-client//org.jenkinsci.plugins.gitclient.CliGitAPIImpl.launchCommand(CliGitAPIImpl.java:2056)
	at PluginClassLoader for git-client//org.jenkinsci.plugins.gitclient.CliGitAPIImpl.launchCommand(CliGitAPIImpl.java:2068)
	at PluginClassLoader for git-client//org.jenkinsci.plugins.gitclient.CliGitAPIImpl.setRemoteUrl(CliGitAPIImpl.java:1667)
	at PluginClassLoader for git-client//hudson.plugins.git.GitAPI.setRemoteUrl(GitAPI.java:182)
	at PluginClassLoader for git//jenkins.plugins.git.AbstractGitSCMSource.doRetrieve(AbstractGitSCMSource.java:400)
Caused: java.io.IOException
	at PluginClassLoader for git//jenkins.plugins.git.AbstractGitSCMSource.doRetrieve(AbstractGitSCMSource.java:419)
	at PluginClassLoader for git//jenkins.plugins.git.AbstractGitSCMSource.doRetrieve(AbstractGitSCMSource.java:352)
	at PluginClassLoader for git//jenkins.plugins.git.AbstractGitSCMSource.retrieve(AbstractGitSCMSource.java:611)
	at PluginClassLoader for scm-api//jenkins.scm.api.SCMSource._retrieve(SCMSource.java:372)
	at PluginClassLoader for scm-api//jenkins.scm.api.SCMSource.fetch(SCMSource.java:282)
	at PluginClassLoader for branch-api//jenkins.branch.MultiBranchProject.computeChildren(MultiBranchProject.java:661)
	at PluginClassLoader for cloudbees-folder//com.cloudbees.hudson.plugins.folder.computed.ComputedFolder.updateChildren(ComputedFolder.java:272)
	at PluginClassLoader for cloudbees-folder//com.cloudbees.hudson.plugins.folder.computed.FolderComputation.run(FolderComputation.java:171)
	at PluginClassLoader for branch-api//jenkins.branch.MultiBranchProject$BranchIndexing.run(MultiBranchProject.java:1064)
	at hudson.model.ResourceController.execute(ResourceController.java:101)
	at hudson.model.Executor.run(Executor.java:446)
Finished: FAILURE
